2025-03-13 20:31:56,652 - ERROR - OSError: write error
2025-03-13 20:33:32,118 - ERROR - OSError: write error
2025-03-13 20:41:11,824 - INFO - app.py:27 - Guardando registro para: Camejo
2025-03-13 20:41:54,156 - INFO - app.py:27 - Guardando registro para: Carmine
2025-03-13 20:41:54,161 - INFO - app.py:27 - Guardando registro para: Adrián Orlando
2025-03-13 20:41:54,165 - INFO - app.py:27 - Guardando registro para: Camejo
2025-03-13 20:41:54,169 - INFO - app.py:27 - Guardando registro para: Alberto Perillo
2025-03-13 20:42:08,465 - INFO - app.py:27 - Guardando registro para: Juan Bautista
2025-03-13 20:42:20,842 - INFO - app.py:27 - Guardando registro para: Alex
2025-03-13 20:42:24,073 - INFO - app.py:27 - Guardando registro para: Yoyo
2025-03-13 20:42:26,370 - INFO - app.py:27 - Guardando registro para: Víctor Ludeña
2025-03-13 20:42:33,377 - INFO - app.py:53 - Guardando en espera a: Rodolfo Marquina
2025-03-13 20:45:14,070 - INFO - app.py:73 - Participante 'Rodolfo Marquina' eliminado de la lista de espera.
2025-03-13 20:45:16,719 - INFO - app.py:73 - Participante 'Víctor Ludeña' eliminado de la lista de espera.
2025-03-13 20:45:19,036 - INFO - app.py:73 - Participante 'Yoyo' eliminado de la lista de espera.
2025-03-13 20:45:21,387 - INFO - app.py:73 - Participante 'Alex' eliminado de la lista de espera.
2025-03-13 20:45:25,474 - INFO - app.py:73 - Participante 'Juan Bautista' eliminado de la lista de espera.
2025-03-13 20:45:27,769 - INFO - app.py:47 - Participante 'Alberto Perillo' eliminado de registrados.
2025-03-13 20:45:30,768 - INFO - app.py:47 - Participante 'Camejo' eliminado de registrados.
2025-03-13 20:45:34,557 - INFO - app.py:47 - Participante 'José Luis Saavedra' eliminado de registrados.
2025-03-13 20:45:38,039 - INFO - app.py:47 - Participante 'Harold Vásquez' eliminado de registrados.
2025-03-13 20:45:40,783 - INFO - app.py:47 - Participante 'Augusto Stenta' eliminado de registrados.
2025-03-13 20:45:43,250 - INFO - app.py:47 - Participante 'Cándido' eliminado de registrados.
2025-03-13 20:45:46,460 - INFO - app.py:47 - Participante 'Dany Cataldo' eliminado de registrados.
2025-03-13 20:45:51,082 - INFO - app.py:47 - Participante 'Gianni Cangialosi' eliminado de registrados.
2025-03-13 20:45:53,662 - INFO - app.py:47 - Participante 'Adrián Orlando' eliminado de registrados.
2025-03-13 20:45:55,964 - INFO - app.py:47 - Participante 'Carmine' eliminado de registrados.
2025-03-13 20:45:57,869 - INFO - app.py:47 - Participante 'Claudio Bagnara' eliminado de registrados.
2025-03-13 20:45:59,722 - INFO - app.py:47 - Participante 'Franco Granati' eliminado de registrados.
2025-03-13 21:05:40,035 - INFO - app.py:27 - Guardando registro para: Augusto Stenta
2025-03-13 21:11:04,236 - INFO - app.py:47 - Participante 'Augusto Stenta' eliminado de registrados.
2025-03-13 21:28:25,316 - INFO - app.py:27 - Guardando registro para: Augusto Stenta
2025-03-13 21:28:41,571 - INFO - app.py:47 - Participante 'Augusto Stenta' eliminado de registrados.
2025-03-13 21:58:19,838 - INFO - app.py:27 - Guardando registro para: Adrián Orlando
2025-03-13 21:58:23,183 - INFO - app.py:27 - Guardando registro para: Alberto Perillo
2025-03-13 21:58:28,761 - INFO - app.py:27 - Guardando registro para: Alex
2025-03-13 21:58:33,096 - INFO - app.py:27 - Guardando registro para: Alvaro Rodrigues
2025-03-13 21:58:38,009 - INFO - app.py:27 - Guardando registro para: Augusto Stenta
2025-03-13 21:58:43,821 - INFO - app.py:27 - Guardando registro para: Bassil
2025-03-13 21:58:49,072 - INFO - app.py:27 - Guardando registro para: Camejo
2025-03-13 21:58:54,688 - INFO - app.py:27 - Guardando registro para: Cándido
2025-03-13 21:59:01,212 - INFO - app.py:53 - Guardando en espera a: Carmine
2025-03-13 21:59:07,755 - INFO - app.py:53 - Guardando en espera a: Claudio Bagnara
2025-03-13 21:59:55,559 - INFO - app.py:27 - Guardando registro para: Camejo
2025-03-13 21:59:55,564 - INFO - app.py:27 - Guardando registro para: Cándido
2025-03-13 21:59:55,568 - INFO - app.py:27 - Guardando registro para: Carmine
2025-03-13 21:59:55,573 - INFO - app.py:27 - Guardando registro para: Claudio Bagnara
2025-03-13 22:00:15,959 - INFO - app.py:27 - Guardando registro para: Dany Cataldo
2025-03-13 22:00:21,406 - INFO - app.py:27 - Guardando registro para: Franco Granati
2025-03-13 22:00:28,249 - INFO - app.py:53 - Guardando en espera a: Gianni Cangialosi
2025-03-13 22:00:35,922 - INFO - app.py:47 - Participante 'Franco Granati' eliminado de registrados.
2025-03-13 22:00:35,924 - INFO - app.py:27 - Guardando registro para: Gianni Cangialosi
2025-03-13 22:01:00,003 - INFO - app.py:53 - Guardando en espera a: Franco Granati
2025-03-13 22:01:05,658 - INFO - app.py:47 - Participante 'Claudio Bagnara' eliminado de registrados.
2025-03-13 22:01:05,664 - INFO - app.py:27 - Guardando registro para: Franco Granati
2025-03-13 22:01:13,517 - INFO - app.py:47 - Participante 'Franco Granati' eliminado de registrados.
2025-03-13 22:01:16,504 - INFO - app.py:47 - Participante 'Adrián Orlando' eliminado de registrados.
2025-03-13 22:01:18,587 - INFO - app.py:47 - Participante 'Alberto Perillo' eliminado de registrados.
2025-03-13 22:01:22,049 - INFO - app.py:47 - Participante 'Gianni Cangialosi' eliminado de registrados.
2025-03-13 22:01:23,992 - INFO - app.py:47 - Participante 'Dany Cataldo' eliminado de registrados.
2025-03-13 22:01:26,159 - INFO - app.py:47 - Participante 'Carmine' eliminado de registrados.
2025-03-13 22:01:28,174 - INFO - app.py:47 - Participante 'Cándido' eliminado de registrados.
2025-03-13 22:01:31,060 - INFO - app.py:47 - Participante 'Camejo' eliminado de registrados.
2025-03-13 22:01:33,013 - INFO - app.py:47 - Participante 'Bassil' eliminado de registrados.
2025-03-13 22:01:35,615 - INFO - app.py:47 - Participante 'Augusto Stenta' eliminado de registrados.
2025-03-13 22:01:37,776 - INFO - app.py:47 - Participante 'Alvaro Rodrigues' eliminado de registrados.
2025-03-13 22:01:39,592 - INFO - app.py:47 - Participante 'Alex' eliminado de registrados.
2025-03-15 01:40:22,074 - INFO - app.py:27 - Guardando registro para: Augusto Stenta
2025-03-15 01:40:29,551 - INFO - app.py:27 - Guardando registro para: Camejo
2025-03-15 04:13:28,165 - INFO - app.py:47 - Participante 'Camejo' eliminado de registrados.
2025-03-15 04:13:30,403 - INFO - app.py:47 - Participante 'Augusto Stenta' eliminado de registrados.
2025-03-15 22:58:57,119 - INFO - app.py:27 - Guardando registro para: Augusto Stenta
2025-03-15 23:00:15,166 - INFO - app.py:47 - Participante 'Augusto Stenta' eliminado de registrados.
2025-03-16 00:21:48,845 - INFO - app.py:27 - Guardando registro para: Adrián Orlando
2025-03-16 00:21:57,031 - INFO - app.py:27 - Guardando registro para: Alberto Perillo
2025-03-16 00:22:02,042 - INFO - app.py:47 - Participante 'Alberto Perillo' eliminado de registrados.
2025-03-16 00:22:05,163 - INFO - app.py:47 - Participante 'Adrián Orlando' eliminado de registrados.
2025-03-17 19:40:59,190 - INFO - app.py:27 - Guardando registro para: Adrián Orlando
2025-03-17 19:41:11,681 - INFO - app.py:27 - Guardando registro para: Yoyo
2025-03-17 19:41:22,122 - INFO - app.py:27 - Guardando registro para: Bassil
2025-03-17 19:41:27,643 - INFO - app.py:27 - Guardando registro para: Carmine
2025-03-17 19:41:38,042 - INFO - app.py:27 - Guardando registro para: Dany Cataldo
2025-03-17 19:41:50,292 - INFO - app.py:27 - Guardando registro para: Harold Vásquez
2025-03-17 19:41:57,243 - INFO - app.py:27 - Guardando registro para: Camejo
2025-03-17 19:42:05,405 - INFO - app.py:27 - Guardando registro para: Franco Granati
2025-03-17 19:42:11,875 - INFO - app.py:53 - Guardando en espera a: José Luis Saavedra
2025-03-17 19:42:18,364 - INFO - app.py:53 - Guardando en espera a: Luis Cuevas
2025-03-17 19:42:48,207 - INFO - app.py:27 - Guardando registro para: José Luis Saavedra
2025-03-17 19:42:48,213 - INFO - app.py:27 - Guardando registro para: Luis Cuevas
2025-03-17 19:43:25,328 - INFO - app.py:73 - Participante 'Luis Cuevas' eliminado de la lista de espera.
2025-03-17 19:43:31,486 - INFO - app.py:73 - Participante 'José Luis Saavedra' eliminado de la lista de espera.
2025-03-17 19:43:35,167 - INFO - app.py:47 - Participante 'Franco Granati' eliminado de registrados.
2025-03-17 19:43:50,946 - INFO - app.py:47 - Participante 'Camejo' eliminado de registrados.
2025-03-17 19:43:53,968 - INFO - app.py:47 - Participante 'Harold Vásquez' eliminado de registrados.
2025-03-17 19:43:56,615 - INFO - app.py:47 - Participante 'Dany Cataldo' eliminado de registrados.
2025-03-17 19:44:02,374 - INFO - app.py:47 - Participante 'Carmine' eliminado de registrados.
2025-03-17 19:44:05,038 - INFO - app.py:47 - Participante 'Bassil' eliminado de registrados.
2025-03-17 19:44:07,649 - INFO - app.py:47 - Participante 'Yoyo' eliminado de registrados.
2025-03-17 19:44:10,135 - INFO - app.py:47 - Participante 'Adrián Orlando' eliminado de registrados.
2025-03-18 21:25:18,439 - ERROR - app.py:1455 - Exception on /admin [POST]
Traceback (most recent call last):
  File "/usr/local/lib/python3.10/site-packages/flask/app.py", line 2077, in wsgi_app
    response = self.full_dispatch_request()
  File "/usr/local/lib/python3.10/site-packages/flask/app.py", line 1525, in full_dispatch_request
    rv = self.handle_user_exception(e)
  File "/usr/local/lib/python3.10/site-packages/flask/app.py", line 1523, in full_dispatch_request
    rv = self.dispatch_request()
  File "/usr/local/lib/python3.10/site-packages/flask/app.py", line 1509, in dispatch_request
    return self.ensure_sync(self.view_functions[rule.endpoint])(**req.view_args)
  File "/home/sstenta/./app.py", line 215, in admin
    session['admin_logged_in'] = True
  File "/usr/local/lib/python3.10/site-packages/flask/sessions.py", line 97, in _fail
    raise RuntimeError(
RuntimeError: The session is unavailable because no secret key was set.  Set the secret_key on the application to something unique and secret.
2025-03-18 22:07:49,366 - INFO - app.py:48 - Guardando registro para: Dany Cataldo
2025-03-18 22:07:54,465 - INFO - app.py:68 - Participante 'Dany Cataldo' eliminado de registrados.
2025-03-18 22:23:31,739 - INFO - app.py:45 - Lista de participantes actualizada.
2025-03-18 22:23:31,757 - WARNING - app.py:107 - Intento de eliminar 'Alex', pero no está en registrados.
2025-03-18 22:23:31,767 - WARNING - app.py:138 - Intento de eliminar 'Alex' de la lista de espera, pero no está.
2025-03-18 22:23:31,772 - INFO - app.py:73 - Participante eliminado: Alex
2025-03-18 22:23:45,686 - INFO - app.py:45 - Lista de participantes actualizada.
2025-03-18 22:23:45,686 - INFO - app.py:52 - Participante añadido: Alex
2025-03-18 22:30:00,228 - INFO - app.py:84 - Guardando registro para: Gianni Cangialosi
2025-03-18 23:07:53,164 - INFO - app.py:104 - Participante 'Gianni Cangialosi' eliminado de registrados.
2025-03-18 23:08:52,237 - INFO - app.py:46 - Lista de participantes actualizada.
2025-03-18 23:08:52,237 - INFO - app.py:53 - Participante añadido: Gustavo Pérez
2025-03-18 23:09:13,978 - INFO - app.py:46 - Lista de participantes actualizada.
2025-03-18 23:09:13,984 - WARNING - app.py:107 - Intento de eliminar 'Gustavo Pérez', pero no está en registrados.
2025-03-18 23:09:13,991 - WARNING - app.py:138 - Intento de eliminar 'Gustavo Pérez' de la lista de espera, pero no está.
2025-03-18 23:09:13,993 - INFO - app.py:73 - Participante eliminado: Gustavo Pérez
2025-03-18 23:09:42,734 - INFO - app.py:197 - Lista de espera vaciada.
2025-03-18 23:09:47,907 - INFO - app.py:189 - Lista de registrados vaciada.
2025-03-18 23:44:39,631 - INFO - app.py:84 - Guardando registro para: Augusto Stenta
2025-03-18 23:45:59,070 - INFO - app.py:104 - Participante 'Augusto Stenta' eliminado de registrados.
2025-03-19 13:04:59,097 - ERROR - user_wsgi_wrapper.py:170 - OSError: write error
2025-03-19 20:02:58,132 - INFO - app.py:84 - Guardando registro para: Adrián Orlando
2025-03-19 21:39:13,002 - INFO - app.py:104 - Participante 'Adrián Orlando' eliminado de registrados.
2025-03-20 17:07:28,931 - INFO - app.py:84 - Guardando registro para: Dany Cataldo
2025-03-20 17:07:52,160 - INFO - app.py:46 - Lista de participantes actualizada.
2025-03-20 17:07:52,161 - INFO - app.py:53 - Participante añadido: Tony
2025-03-20 17:08:04,967 - INFO - app.py:84 - Guardando registro para: Tony
2025-03-20 17:08:10,988 - INFO - app.py:84 - Guardando registro para: Harold Vásquez
2025-03-20 17:08:19,739 - INFO - app.py:84 - Guardando registro para: Cándido
2025-03-20 17:08:27,995 - INFO - app.py:84 - Guardando registro para: Lukvichh
2025-03-20 17:08:37,852 - INFO - app.py:84 - Guardando registro para: Camejo
2025-03-20 17:08:43,259 - INFO - app.py:84 - Guardando registro para: Alex
2025-03-20 17:08:50,731 - INFO - app.py:84 - Guardando registro para: Luis Cuevas
2025-03-20 17:09:26,701 - INFO - app.py:84 - Guardando registro para: Augusto Stenta
2025-03-20 17:09:33,661 - INFO - app.py:84 - Guardando registro para: Gianni Cangialosi
2025-03-20 17:09:38,871 - INFO - app.py:84 - Guardando registro para: Franco Granati
2025-03-20 17:54:49,584 - INFO - app.py:84 - Guardando registro para: Miguel Cáceres
2025-03-20 19:45:27,047 - INFO - app.py:116 - Guardando en espera a: Adrián Orlando
